0 info it worked if it ends with ok
1 verbose cli [ 'C:\\Program Files\\nodejs\\node.exe',
1 verbose cli   'C:\\Program Files\\nodejs\\node_modules\\npm\\bin\\npm-cli.js',
1 verbose cli   'run',
1 verbose cli   'dev' ]
2 info using npm@3.10.10
3 info using node@v6.17.0
4 verbose run-script [ 'predev', 'dev', 'postdev' ]
5 info lifecycle perwibuan-lms-api@1.0.0~predev: perwibuan-lms-api@1.0.0
6 silly lifecycle perwibuan-lms-api@1.0.0~predev: no script for predev, continuing
7 info lifecycle perwibuan-lms-api@1.0.0~dev: perwibuan-lms-api@1.0.0
8 verbose lifecycle perwibuan-lms-api@1.0.0~dev: unsafe-perm in lifecycle true
9 verbose lifecycle perwibuan-lms-api@1.0.0~dev: PATH: C:\Users\iansu\AppData\Roaming\nvm\v6.17.0\node_modules\npm\bin\node-gyp-bin;D:\Work\backend_gambreng\node_modules\.bin;C:\Users\iansu\AppData\Local\Yarn\config\global\node_modules\.bin;C:\Users\iansu\AppData\Roaming\npm;C:\Users\iansu\AppData\Roaming\Composer\vendor\bin;;D:\laragon-6.0.0\laragon-6.0.0\bin\laragon\utils;D:\laragon-6.0.0\laragon-6.0.0\bin\mysql\mysql-5.1.72-win32\bin;D:\laragon-6.0.0\laragon-6.0.0\bin\php\php-5.4.9-nts-Win32-VC9-x86;D:\laragon-6.0.0\laragon-6.0.0\bin\composer;D:\laragon-6.0.0\laragon-6.0.0\bin\nginx\nginx-1.14.0;D:\laragon-6.0.0\laragon-6.0.0\bin\notepad++;D:\laragon-6.0.0\laragon-6.0.0\bin;D:\laragon-6.0.0\laragon-6.0.0\bin\cmder\bin;C:\ProgramData\Oracle\Java\javapath;C:\Windows\system32;C:\Windows;C:\Windows\System32\Wbem;C:\Windows\System32\WindowsPowerShell\v1.0\;C:\Windows\System32\OpenSSH\;C:\Program Files (x86)\NVIDIA Corporation\PhysX\Common;C:\Program Files\NVIDIA Corporation\NVIDIA NvDLISR;C:\WINDOWS\system32;C:\WINDOWS;C:\WINDOWS\System32\Wbem;C:\WINDOWS\System32\WindowsPowerShell\v1.0\;C:\WINDOWS\System32\OpenSSH\;C:\Program Files\Git\cmd;D:\xampp\php;C:\composer;C:\Program Files\Docker\Docker\resources\bin;C:\Program Files\Go\bin;%NVM_HOME%;%NVM_SYMLINK%;C:\Users\iansu\AppData\Local\Microsoft\WindowsApps;C:\Users\iansu\AppData\Local\Programs\Microsoft VS Code\bin;C:\Users\iansu\AppData\Roaming\Composer\vendor\bin;C:\Users\iansu\AppData\Roaming\npm;C:\Users\iansu\go\bin;C:\Users\iansu\AppData\Roaming\nvm;C:\Program Files\nodejs;C:\Program Files\Git\bin;C:\Program Files\Git\usr\share\vim\vim74;D:\laragon-6.0.0\laragon-6.0.0\bin\cmder\;
10 verbose lifecycle perwibuan-lms-api@1.0.0~dev: CWD: D:\Work\backend_gambreng
11 silly lifecycle perwibuan-lms-api@1.0.0~dev: Args: [ '/d /s /c',
11 silly lifecycle   'concurrently "ttsc --build --clean && ttsc --watch" "nodemon dist/index.js"' ]
12 silly lifecycle perwibuan-lms-api@1.0.0~dev: Returned: code: 1  signal: null
13 info lifecycle perwibuan-lms-api@1.0.0~dev: Failed to exec dev script
14 verbose stack Error: perwibuan-lms-api@1.0.0 dev: `concurrently "ttsc --build --clean && ttsc --watch" "nodemon dist/index.js"`
14 verbose stack Exit status 1
14 verbose stack     at EventEmitter.<anonymous> (C:\Users\iansu\AppData\Roaming\nvm\v6.17.0\node_modules\npm\lib\utils\lifecycle.js:255:16)
14 verbose stack     at emitTwo (events.js:106:13)
14 verbose stack     at EventEmitter.emit (events.js:191:7)
14 verbose stack     at ChildProcess.<anonymous> (C:\Users\iansu\AppData\Roaming\nvm\v6.17.0\node_modules\npm\lib\utils\spawn.js:40:14)
14 verbose stack     at emitTwo (events.js:106:13)
14 verbose stack     at ChildProcess.emit (events.js:191:7)
14 verbose stack     at maybeClose (internal/child_process.js:920:16)
14 verbose stack     at Process.ChildProcess._handle.onexit (internal/child_process.js:230:5)
15 verbose pkgid perwibuan-lms-api@1.0.0
16 verbose cwd D:\Work\backend_gambreng
17 error Windows_NT 10.0.22621
18 error argv "C:\\Program Files\\nodejs\\node.exe" "C:\\Program Files\\nodejs\\node_modules\\npm\\bin\\npm-cli.js" "run" "dev"
19 error node v6.17.0
20 error npm  v3.10.10
21 error code ELIFECYCLE
22 error perwibuan-lms-api@1.0.0 dev: `concurrently "ttsc --build --clean && ttsc --watch" "nodemon dist/index.js"`
22 error Exit status 1
23 error Failed at the perwibuan-lms-api@1.0.0 dev script 'concurrently "ttsc --build --clean && ttsc --watch" "nodemon dist/index.js"'.
23 error Make sure you have the latest version of node.js and npm installed.
23 error If you do, this is most likely a problem with the perwibuan-lms-api package,
23 error not with npm itself.
23 error Tell the author that this fails on your system:
23 error     concurrently "ttsc --build --clean && ttsc --watch" "nodemon dist/index.js"
23 error You can get information on how to open an issue for this project with:
23 error     npm bugs perwibuan-lms-api
23 error Or if that isn't available, you can get their info via:
23 error     npm owner ls perwibuan-lms-api
23 error There is likely additional logging output above.
24 verbose exit [ 1, true ]
